Line 13: Class MSAdodcLib.Adodc of control adoBills was not a loaded control class.
Line 170: Class MSDataListLib.DataCombo of control DataCombo2 was not a loaded control class.
Line 187: Class MSDataListLib.DataCombo of control DataCombo1 was not a loaded control class.
Line 422: Class MSAdodcLib.Adodc of control adoCategory was not a loaded control class.
Line 468: Class MSAdodcLib.Adodc of control adoProduct was not a loaded control class.
Line 18: The property name _ExtentX in adoBills is invalid.
Line 19: The property name _ExtentY in adoBills is invalid.
Line 20: The property name ConnectMode in adoBills is invalid.
Line 21: The property name CursorLocation in adoBills is invalid.
Line 22: The property name IsolationLevel in adoBills is invalid.
Line 23: The property name ConnectionTimeout in adoBills is invalid.
Line 24: The property name CommandTimeout in adoBills is invalid.
Line 25: The property name CursorType in adoBills is invalid.
Line 26: The property name LockType in adoBills is invalid.
Line 27: The property name CommandType in adoBills is invalid.
Line 28: The property name CursorOptions in adoBills is invalid.
Line 29: The property name CacheSize in adoBills is invalid.
Line 30: The property name MaxRecords in adoBills is invalid.
Line 31: The property name BOFAction in adoBills is invalid.
Line 32: The property name EOFAction in adoBills is invalid.
Line 33: The property name ConnectStringType in adoBills is invalid.
Line 37: The property name Orientation in adoBills is invalid.
Line 39: The property name Connect in adoBills is invalid.
Line 40: The property name OLEDBString in adoBills is invalid.
Line 41: The property name OLEDBFile in adoBills is invalid.
Line 42: The property name DataSourceName in adoBills is invalid.
Line 43: The property name OtherAttributes in adoBills is invalid.
Line 44: The property name UserName in adoBills is invalid.
Line 45: The property name Password in adoBills is invalid.
Line 46: The property name RecordSource in adoBills is invalid.
Line 47: The property name Caption in adoBills is invalid.
Line 57: The property name _Version in adoBills is invalid.
Line 171: The property name Bindings in DataCombo2 is invalid.
Line 179: The property name _ExtentX in DataCombo2 is invalid.
Line 180: The property name _ExtentY in DataCombo2 is invalid.
Line 181: The property name _Version in DataCombo2 is invalid.
Line 182: The property name Style in DataCombo2 is invalid.
Line 183: The property name ListField in DataCombo2 is invalid.
Line 184: The property name BoundColumn in DataCombo2 is invalid.
Line 185: The property name Text in DataCombo2 is invalid.
Line 188: The property name Bindings in DataCombo1 is invalid.
Line 196: The property name _ExtentX in DataCombo1 is invalid.
Line 197: The property name _ExtentY in DataCombo1 is invalid.
Line 198: The property name _Version in DataCombo1 is invalid.
Line 199: The property name Style in DataCombo1 is invalid.
Line 200: The property name ListField in DataCombo1 is invalid.
Line 201: The property name BoundColumn in DataCombo1 is invalid.
Line 202: The property name Text in DataCombo1 is invalid.
Line 427: The property name _ExtentX in adoCategory is invalid.
Line 428: The property name _ExtentY in adoCategory is invalid.
Line 429: The property name ConnectMode in adoCategory is invalid.
Line 430: The property name CursorLocation in adoCategory is invalid.
Line 431: The property name IsolationLevel in adoCategory is invalid.
Line 432: The property name ConnectionTimeout in adoCategory is invalid.
Line 433: The property name CommandTimeout in adoCategory is invalid.
Line 434: The property name CursorType in adoCategory is invalid.
Line 435: The property name LockType in adoCategory is invalid.
Line 436: The property name CommandType in adoCategory is invalid.
Line 437: The property name CursorOptions in adoCategory is invalid.
Line 438: The property name CacheSize in adoCategory is invalid.
Line 439: The property name MaxRecords in adoCategory is invalid.
Line 440: The property name BOFAction in adoCategory is invalid.
Line 441: The property name EOFAction in adoCategory is invalid.
Line 442: The property name ConnectStringType in adoCategory is invalid.
Line 446: The property name Orientation in adoCategory is invalid.
Line 448: The property name Connect in adoCategory is invalid.
Line 449: The property name OLEDBString in adoCategory is invalid.
Line 450: The property name OLEDBFile in adoCategory is invalid.
Line 451: The property name DataSourceName in adoCategory is invalid.
Line 452: The property name OtherAttributes in adoCategory is invalid.
Line 453: The property name UserName in adoCategory is invalid.
Line 454: The property name Password in adoCategory is invalid.
Line 455: The property name RecordSource in adoCategory is invalid.
Line 456: The property name Caption in adoCategory is invalid.
Line 466: The property name _Version in adoCategory is invalid.
Line 473: The property name _ExtentX in adoProduct is invalid.
Line 474: The property name _ExtentY in adoProduct is invalid.
Line 475: The property name ConnectMode in adoProduct is invalid.
Line 476: The property name CursorLocation in adoProduct is invalid.
Line 477: The property name IsolationLevel in adoProduct is invalid.
Line 478: The property name ConnectionTimeout in adoProduct is invalid.
Line 479: The property name CommandTimeout in adoProduct is invalid.
Line 480: The property name CursorType in adoProduct is invalid.
Line 481: The property name LockType in adoProduct is invalid.
Line 482: The property name CommandType in adoProduct is invalid.
Line 483: The property name CursorOptions in adoProduct is invalid.
Line 484: The property name CacheSize in adoProduct is invalid.
Line 485: The property name MaxRecords in adoProduct is invalid.
Line 486: The property name BOFAction in adoProduct is invalid.
Line 487: The property name EOFAction in adoProduct is invalid.
Line 488: The property name ConnectStringType in adoProduct is invalid.
Line 492: The property name Orientation in adoProduct is invalid.
Line 494: The property name Connect in adoProduct is invalid.
Line 495: The property name OLEDBString in adoProduct is invalid.
Line 496: The property name OLEDBFile in adoProduct is invalid.
Line 497: The property name DataSourceName in adoProduct is invalid.
Line 498: The property name OtherAttributes in adoProduct is invalid.
Line 499: The property name UserName in adoProduct is invalid.
Line 500: The property name Password in adoProduct is invalid.
Line 501: The property name RecordSource in adoProduct is invalid.
Line 502: The property name Caption in adoProduct is invalid.
Line 512: The property name _Version in adoProduct is invalid.
